$ vite build
vite v8.0.16 building client environment for production...
[2Ktransforming...
[@tanstack/devtools-vite] Removed devtools code from: /src/routes/__root.tsx

✓ 318 modules transformed.
rendering chunks...
computing gzip size...
.output/public/assets/styles-cScVm3YH.css   31.88 kB │ gzip:   6.07 kB
.output/public/assets/routes-C8xqySlN.js   173.70 kB │ gzip:  56.03 kB
.output/public/assets/index-DJWJ_8lW.js    315.91 kB │ gzip: 100.12 kB

✓ built in 322ms
vite v8.0.16 building ssr environment for production...
[2Ktransforming...
[@tanstack/devtools-vite] Removed devtools code from: /src/routes/__root.tsx

✓ 105 modules transformed.
rendering chunks...
computing gzip size...
node_modules/.nitro/vite/services/ssr/assets/styles-cScVm3YH.css                      31.88 kB │ gzip:  6.07 kB
node_modules/.nitro/vite/services/ssr/assets/start-B8a61Duj.js                         0.21 kB │ gzip:  0.17 kB
node_modules/.nitro/vite/services/ssr/assets/empty-plugin-adapters-DNPiL3Zw.js         0.30 kB │ gzip:  0.20 kB
node_modules/.nitro/vite/services/ssr/assets/routes-oEElo9j4.js                        0.47 kB │ gzip:  0.30 kB
node_modules/.nitro/vite/services/ssr/assets/_tanstack-start-manifest_v-CAem8JL5.js    0.57 kB │ gzip:  0.32 kB
node_modules/.nitro/vite/services/ssr/assets/router-hZR3iRvX.js                        1.94 kB │ gzip:  0.84 kB
node_modules/.nitro/vite/services/ssr/index.js                                       170.56 kB │ gzip: 42.38 kB

✓ built in 285ms

[nitro] ◐ Building [Nitro] (preset: node-server, compatibility: 2026-06-07)
[nitro] ✔ Generated public .output/public
vite v8.0.16 building nitro environment for production...
[2Ktransforming...✓ 360 modules transformed.
rendering chunks...
computing gzip size...
.output/server/_ssr/start-B8a61Duj.mjs                    0.14 kB │ gzip:   0.13 kB
.output/server/_ssr/empty-plugin-adapters-DNPiL3Zw.mjs    0.23 kB │ gzip:   0.16 kB
.output/server/_tanstack-start-manifest_v-CAem8JL5.mjs    0.62 kB │ gzip:   0.35 kB
.output/server/_libs/convex.mjs                           0.64 kB │ gzip:   0.39 kB
.output/server/_ssr/routes-oEElo9j4.mjs                   0.68 kB │ gzip:   0.37 kB
.output/server/_chunks/ssr-renderer.mjs                   0.72 kB │ gzip:   0.40 kB
.output/server/_runtime.mjs                               1.26 kB │ gzip:   0.63 kB
.output/server/_ssr/router-hZR3iRvX.mjs                   2.13 kB │ gzip:   0.91 kB
.output/server/_libs/ufo.mjs                              2.21 kB │ gzip:   0.72 kB
.output/server/_libs/tanstack__history.mjs               10.72 kB │ gzip:   3.13 kB
.output/server/index.mjs                                 12.01 kB │ gzip:   4.00 kB
.output/server/_libs/h3+rou3+srvx.mjs                    40.58 kB │ gzip:  10.99 kB
.output/server/_ssr/ssr.mjs                             163.68 kB │ gzip:  41.47 kB
.output/server/_libs/@xyflow/react+[...].mjs            369.61 kB │ gzip:  86.40 kB
.output/server/_libs/@tanstack/react-router+[...].mjs   686.38 kB │ gzip: 143.44 kB

✓ built in 220ms
ℹ Generated .output/nitro.json

[nitro] ✔ You can preview this build using npx vite preview
